#
# There is insufficient memory for the Java Runtime Environment to continue.
# Native memory allocation (malloc) failed to allocate 32744 bytes for ChunkPool::allocate
# Possible reasons:
#   The system is out of physical RAM or swap space
#   The process is running with CompressedOops enabled, and the Java Heap may be blocking the growth of the native heap
# Possible solutions:
#   Reduce memory load on the system
#   Increase physical memory or swap space
#   Check if swap backing store is full
#   Decrease Java heap size (-Xmx/-Xms)
#   Decrease number of Java threads
#   Decrease Java thread stack sizes (-Xss)
#   Set larger code cache with -XX:ReservedCodeCacheSize=
#   JVM is running with Zero Based Compressed Oops mode in which the Java heap is
#     placed in the first 32GB address space. The Java Heap base address is the
#     maximum limit for the native heap growth. Please use -XX:HeapBaseMinAddress
#     to set the Java Heap base and to place the Java Heap above 32GB virtual address.
# This output file may be truncated or incomplete.
#
#  Out of Memory Error (allocation.cpp:272), pid=88840, tid=0x000000000001ea90
#
# JRE version: Java(TM) SE Runtime Environment (8.0_271-b09) (build 1.8.0_271-b09)
# Java VM: Java HotSpot(TM) 64-Bit Server VM (25.271-b09 mixed mode windows-amd64 compressed oops)
# Failed to write core dump. Minidumps are not enabled by default on client versions of Windows
#

---------------  T H R E A D  ---------------

Current thread (0x00000215260ee000):  JavaThread "C2 CompilerThread1" daemon [_thread_in_native, id=125584, stack(0x000000d2c7b00000,0x000000d2c7c00000)]

Stack: [0x000000d2c7b00000,0x000000d2c7c00000]
Native frames: (J=compiled Java code, j=interpreted, Vv=VM code, C=native code)
V  [jvm.dll+0x33f6c9]
V  [jvm.dll+0x286122]
V  [jvm.dll+0x286dcd]
V  [jvm.dll+0x27d805]
V  [jvm.dll+0xe5bed]
V  [jvm.dll+0xe5f4c]
V  [jvm.dll+0x483a22]
V  [jvm.dll+0x482f5f]
V  [jvm.dll+0x49ba4c]
V  [jvm.dll+0x49c202]
V  [jvm.dll+0x447b08]
V  [jvm.dll+0x450c25]
V  [jvm.dll+0x44ffe5]
V  [jvm.dll+0x43aef7]
V  [jvm.dll+0xbc3eb]
V  [jvm.dll+0xbaa4b]
V  [jvm.dll+0x24e7c2]
V  [jvm.dll+0x2a2dcc]
C  [ucrtbase.dll+0x21bb2]
C  [KERNEL32.DLL+0x17614]
C  [ntdll.dll+0x526a1]


Current CompileTask:
C2:  10423 1553       4       java.net.URLClassLoader$1::run (5 bytes)


---------------  P R O C E S S  ---------------

Java Threads: ( => current thread )
  0x0000021526157000 JavaThread "Service Thread" daemon [_thread_blocked, id=125600, stack(0x000000d2c7d00000,0x000000d2c7e00000)]
  0x000002152614f000 JavaThread "C1 CompilerThread2" daemon [_thread_blocked, id=125596, stack(0x000000d2c7c00000,0x000000d2c7d00000)]
=>0x00000215260ee000 JavaThread "C2 CompilerThread1" daemon [_thread_in_native, id=125584, stack(0x000000d2c7b00000,0x000000d2c7c00000)]
  0x00000215260eb800 JavaThread "C2 CompilerThread0" daemon [_thread_in_native, id=125576, stack(0x000000d2c7a00000,0x000000d2c7b00000)]
  0x00000215260e9000 JavaThread "Monitor Ctrl-Break" daemon [_thread_in_native, id=125572, stack(0x000000d2c7900000,0x000000d2c7a00000)]
  0x000002152607d800 JavaThread "Attach Listener" daemon [_thread_blocked, id=125296, stack(0x000000d2c7800000,0x000000d2c7900000)]
  0x000002152607c800 JavaThread "Signal Dispatcher" daemon [_thread_blocked, id=125292, stack(0x000000d2c7700000,0x000000d2c7800000)]
  0x0000021525928000 JavaThread "Finalizer" daemon [_thread_blocked, id=125200, stack(0x000000d2c7600000,0x000000d2c7700000)]
  0x0000021526056000 JavaThread "Reference Handler" daemon [_thread_blocked, id=125196, stack(0x000000d2c7500000,0x000000d2c7600000)]
  0x000002150d557800 JavaThread "main" [_thread_in_vm, id=121960, stack(0x000000d2c6e00000,0x000000d2c6f00000)]

Other Threads:
  0x0000021526033800 VMThread [stack: 0x000000d2c7400000,0x000000d2c7500000] [id=125152]
  0x0000021526170800 WatcherThread [stack: 0x000000d2c7e00000,0x000000d2c7f00000] [id=125628]

VM state:not at safepoint (normal execution)

VM Mutex/Monitor currently owned by a thread: None

heap address: 0x0000000703200000, size: 3022 MB, Compressed Oops mode: Zero based, Oop shift amount: 3
Narrow klass base: 0x0000000000000000, Narrow klass shift: 3
Compressed class space size: 1073741824 Address: 0x00000007c0000000

Heap:
 PSYoungGen      total 56832K, used 51222K [0x0000000781100000, 0x0000000785000000, 0x00000007c0000000)
  eden space 49152K, 90% used [0x0000000781100000,0x0000000783c78da0,0x0000000784100000)
  from space 7680K, 87% used [0x0000000784100000,0x000000078478cdf8,0x0000000784880000)
  to   space 7680K, 0% used [0x0000000784880000,0x0000000784880000,0x0000000785000000)
 ParOldGen       total 130048K, used 8K [0x0000000703200000, 0x000000070b100000, 0x0000000781100000)
  object space 130048K, 0% used [0x0000000703200000,0x0000000703202000,0x000000070b100000)
 Metaspace       used 13730K, capacity 14054K, committed 14208K, reserved 1060864K
  class space    used 1712K, capacity 1814K, committed 1920K, reserved 1048576K

Card table byte_map: [0x000002151e1b0000,0x000002151e7a0000] byte_map_base: 0x000002151a997000

Marking Bits: (ParMarkBitMap*) 0x000000006e447fe0
 Begin Bits: [0x000002151eb90000, 0x0000021521ac8000)
 End Bits:   [0x0000021521ac8000, 0x0000021524a00000)

Polling page: 0x000002150edc0000

CodeCache: size=245760Kb used=5560Kb max_used=5560Kb free=240200Kb
 bounds [0x000002150edf0000, 0x000002150f370000, 0x000002151ddf0000]
 total_blobs=1896 nmethods=1559 adapters=249
 compilation: enabled

Compilation events (10 events):
Event: 10.069 Thread 0x000002152614f000 1557       3       org.eclipse.sisu.inject.InjectorBindings::publishWildcardMatches (81 bytes)
Event: 10.070 Thread 0x000002152614f000 nmethod 1557 0x000002150f35ee90 code [0x000002150f35f0a0, 0x000002150f35fb80]
Event: 10.070 Thread 0x000002152614f000 1558       3       com.google.inject.spi.Dependency::get (15 bytes)
Event: 10.070 Thread 0x000002152614f000 nmethod 1558 0x000002150f360190 code [0x000002150f360340, 0x000002150f360860]
Event: 10.070 Thread 0x000002152614f000 1559       3       java.util.Hashtable$Enumerator::hasMoreElements (53 bytes)
Event: 10.071 Thread 0x000002152614f000 nmethod 1559 0x000002150f360b90 code [0x000002150f360d00, 0x000002150f360ff8]
Event: 10.071 Thread 0x000002152614f000 1560       3       java.util.Hashtable$Enumerator::nextElement (111 bytes)
Event: 10.071 Thread 0x000002152614f000 nmethod 1560 0x000002150f361110 code [0x000002150f3612a0, 0x000002150f361750]
Event: 10.071 Thread 0x000002152614f000 1561       3       java.util.Hashtable$Enumerator::hasNext (5 bytes)
Event: 10.071 Thread 0x000002152614f000 nmethod 1561 0x000002150f361950 code [0x000002150f361ac0, 0x000002150f361c70]

GC Heap History (2 events):
Event: 3.086 GC heap before
{Heap before GC invocations=1 (full 0):
 PSYoungGen      total 56832K, used 49152K [0x0000000781100000, 0x0000000785000000, 0x00000007c0000000)
  eden space 49152K, 100% used [0x0000000781100000,0x0000000784100000,0x0000000784100000)
  from space 7680K, 0% used [0x0000000784880000,0x0000000784880000,0x0000000785000000)
  to   space 7680K, 0% used [0x0000000784100000,0x0000000784100000,0x0000000784880000)
 ParOldGen       total 130048K, used 0K [0x0000000703200000, 0x000000070b100000, 0x0000000781100000)
  object space 130048K, 0% used [0x0000000703200000,0x0000000703200000,0x000000070b100000)
 Metaspace       used 9285K, capacity 9438K, committed 9728K, reserved 1058816K
  class space    used 1117K, capacity 1184K, committed 1280K, reserved 1048576K
Event: 3.100 GC heap after
Heap after GC invocations=1 (full 0):
 PSYoungGen      total 56832K, used 6707K [0x0000000781100000, 0x0000000785000000, 0x00000007c0000000)
  eden space 49152K, 0% used [0x0000000781100000,0x0000000781100000,0x0000000784100000)
  from space 7680K, 87% used [0x0000000784100000,0x000000078478cdf8,0x0000000784880000)
  to   space 7680K, 0% used [0x0000000784880000,0x0000000784880000,0x0000000785000000)
 ParOldGen       total 130048K, used 8K [0x0000000703200000, 0x000000070b100000, 0x0000000781100000)
  object space 130048K, 0% used [0x0000000703200000,0x0000000703202000,0x000000070b100000)
 Metaspace       used 9285K, capacity 9438K, committed 9728K, reserved 1058816K
  class space    used 1117K, capacity 1184K, committed 1280K, reserved 1048576K
}

Deoptimization events (10 events):
Event: 2.156 Thread 0x000002150d557800 Uncommon trap: reason=unstable_if action=reinterpret pc=0x000002150f0911f4 method=java.io.Reader.read()I @ 12
Event: 2.277 Thread 0x000002150d557800 Uncommon trap: reason=unstable_if action=reinterpret pc=0x000002150f0c294c method=org.codehaus.plexus.util.xml.pull.MXParser.nextImpl()I @ 200
Event: 2.303 Thread 0x000002150d557800 Uncommon trap: reason=unstable_if action=reinterpret pc=0x000002150f0c7954 method=sun.nio.cs.StreamDecoder.implRead([CII)I @ 197
Event: 2.369 Thread 0x000002150d557800 Uncommon trap: reason=unstable_if action=reinterpret pc=0x000002150f0d98f8 method=org.codehaus.plexus.util.xml.pull.MXParser.nextImpl()I @ 241
Event: 2.370 Thread 0x000002150d557800 Uncommon trap: reason=unstable_if action=reinterpret pc=0x000002150f0d0b44 method=sun.nio.cs.StreamDecoder.implRead([CII)I @ 197
Event: 2.550 Thread 0x000002150d557800 Uncommon trap: reason=unstable_if action=reinterpret pc=0x000002150f0643e4 method=java.util.HashMap.getNode(ILjava/lang/Object;)Ljava/util/HashMap$Node; @ 129
Event: 2.550 Thread 0x000002150d557800 Uncommon trap: reason=unstable_if action=reinterpret pc=0x000002150f0615c4 method=java.util.HashMap.getNode(ILjava/lang/Object;)Ljava/util/HashMap$Node; @ 129
Event: 2.802 Thread 0x000002150d557800 Uncommon trap: reason=range_check action=make_not_entrant pc=0x000002150f12c028 method=sun.reflect.generics.parser.SignatureParser.current()C @ 34
Event: 8.664 Thread 0x000002150d557800 Uncommon trap: reason=predicate action=maybe_recompile pc=0x000002150f03c7e8 method=sun.net.www.ParseUtil.encodePath(Ljava/lang/String;Z)Ljava/lang/String; @ 36
Event: 10.063 Thread 0x000002150d557800 Uncommon trap: reason=unstable_if action=reinterpret pc=0x000002150f3329d8 method=org.eclipse.sisu.inject.InjectorBindings.isAssignableFrom(Lcom/google/inject/TypeLiteral;Lcom/google/inject/Binding;)Z @ 14

Classes redefined (0 events):
No events

Internal exceptions (10 events):
Event: 0.893 Thread 0x000002150d557800 Exception <a 'java/security/PrivilegedActionException'> (0x00000007816ff7c8) thrown at [C:\jenkins\workspace\8-2-build-windows-amd64-cygwin\jdk8u271\605\hotspot\src\share\vm\prims\jvm.cpp, line 1512]
Event: 1.988 Thread 0x000002150d557800 Exception <a 'java/lang/ArrayIndexOutOfBoundsException'> (0x0000000782a2f6c0) thrown at [C:\jenkins\workspace\8-2-build-windows-amd64-cygwin\jdk8u271\605\hotspot\src\share\vm\runtime\sharedRuntime.cpp, line 609]
Event: 1.994 Thread 0x000002150d557800 Exception <a 'java/lang/ArrayIndexOutOfBoundsException'> (0x0000000782a507d0) thrown at [C:\jenkins\workspace\8-2-build-windows-amd64-cygwin\jdk8u271\605\hotspot\src\share\vm\runtime\sharedRuntime.cpp, line 609]
Event: 2.005 Thread 0x000002150d557800 Exception <a 'java/lang/ArrayIndexOutOfBoundsException'> (0x0000000782a98d08) thrown at [C:\jenkins\workspace\8-2-build-windows-amd64-cygwin\jdk8u271\605\hotspot\src\share\vm\runtime\sharedRuntime.cpp, line 609]
Event: 2.009 Thread 0x000002150d557800 Exception <a 'java/lang/NoClassDefFoundError': javax/enterprise/inject/Typed> (0x0000000782acda08) thrown at [C:\jenkins\workspace\8-2-build-windows-amd64-cygwin\jdk8u271\605\hotspot\src\share\vm\classfile\systemDictionary.cpp, line 201]
Event: 2.379 Thread 0x000002150d557800 Exception <a 'java/lang/ArrayIndexOutOfBoundsException'> (0x00000007834950a0) thrown at [C:\jenkins\workspace\8-2-build-windows-amd64-cygwin\jdk8u271\605\hotspot\src\share\vm\runtime\sharedRuntime.cpp, line 609]
Event: 2.380 Thread 0x000002150d557800 Exception <a 'java/lang/ArrayIndexOutOfBoundsException'> (0x0000000783499a00) thrown at [C:\jenkins\workspace\8-2-build-windows-amd64-cygwin\jdk8u271\605\hotspot\src\share\vm\runtime\sharedRuntime.cpp, line 609]
Event: 2.802 Thread 0x000002150d557800 Exception <a 'java/lang/ArrayIndexOutOfBoundsException': 66> (0x0000000783818090) thrown at [C:\jenkins\workspace\8-2-build-windows-amd64-cygwin\jdk8u271\605\hotspot\src\share\vm\interpreter\interpreterRuntime.cpp, line 371]
Event: 8.663 Thread 0x000002150d557800 Exception <a 'java/lang/NoClassDefFoundError': com/google/inject/servlet/ServletModuleTargetVisitor> (0x000000078379bb70) thrown at [C:\jenkins\workspace\8-2-build-windows-amd64-cygwin\jdk8u271\605\hotspot\src\share\vm\classfile\systemDictionary.cpp, line
Event: 8.663 Thread 0x000002150d557800 Exception <a 'java/lang/NoClassDefFoundError'> (0x000000078379bb70) thrown at [C:\jenkins\workspace\8-2-build-windows-amd64-cygwin\jdk8u271\605\hotspot\src\share\vm\prims\jvm.cpp, line 1516]

Events (10 events):
Event: 10.068 loading class org/sonatype/plexus/components/sec/dispatcher/DefaultSecDispatcher
Event: 10.068 loading class org/sonatype/plexus/components/sec/dispatcher/DefaultSecDispatcher done
Event: 10.070 loading class org/apache/maven/settings/building/DefaultSettingsBuildingRequest
Event: 10.070 loading class org/apache/maven/settings/building/DefaultSettingsBuildingRequest done
Event: 10.071 loading class org/apache/maven/building/FileSource
Event: 10.071 loading class org/apache/maven/building/FileSource done
Event: 10.071 loading class java/util/Collections$SingletonMap
Event: 10.071 loading class java/util/Collections$SingletonMap done
Event: 10.072 loading class org/apache/maven/settings/io/xpp3/SettingsXpp3Reader
Event: 10.072 loading class org/apache/maven/settings/io/xpp3/SettingsXpp3Reader done


Dynamic libraries:
0x00007ff7bca10000 - 0x00007ff7bca57000 	C:\Program Files\Java\jdk1.8.0_271\bin\java.exe
0x00007ffc78d50000 - 0x00007ffc78f48000 	C:\Windows\SYSTEM32\ntdll.dll
0x00007ffc77f10000 - 0x00007ffc77fcf000 	C:\Windows\System32\KERNEL32.DLL
0x00007ffc765f0000 - 0x00007ffc768c2000 	C:\Windows\System32\KERNELBASE.dll
0x00007ffc78460000 - 0x00007ffc7850e000 	C:\Windows\System32\ADVAPI32.dll
0x00007ffc779d0000 - 0x00007ffc77a6e000 	C:\Windows\System32\msvcrt.dll
0x00007ffc78350000 - 0x00007ffc783ec000 	C:\Windows\System32\sechost.dll
0x00007ffc77890000 - 0x00007ffc779b4000 	C:\Windows\System32\RPCRT4.dll
0x00007ffc77680000 - 0x00007ffc77821000 	C:\Windows\System32\USER32.dll
0x00007ffc76450000 - 0x00007ffc76472000 	C:\Windows\System32\win32u.dll
0x00007ffc78320000 - 0x00007ffc7834b000 	C:\Windows\System32\GDI32.dll
0x00007ffc76c90000 - 0x00007ffc76d9f000 	C:\Windows\System32\gdi32full.dll
0x00007ffc76a30000 - 0x00007ffc76acd000 	C:\Windows\System32\msvcp_win.dll
0x00007ffc76480000 - 0x00007ffc76580000 	C:\Windows\System32\ucrtbase.dll
0x00007ffc63ac0000 - 0x00007ffc63d5a000 	C:\Windows\WinSxS\amd64_microsoft.windows.common-controls_6595b64144ccf1df_6.0.19041.1110_none_60b5254171f9507e\COMCTL32.dll
0x00007ffc785c0000 - 0x00007ffc785f0000 	C:\Windows\System32\IMM32.DLL
0x00007ffc709d0000 - 0x00007ffc709e5000 	C:\Program Files\Java\jdk1.8.0_271\jre\bin\vcruntime140.dll
0x00007ffc5d560000 - 0x00007ffc5d5fb000 	C:\Program Files\Java\jdk1.8.0_271\jre\bin\msvcp140.dll
0x000000006dc50000 - 0x000000006e4bf000 	C:\Program Files\Java\jdk1.8.0_271\jre\bin\server\jvm.dll
0x00007ffc77670000 - 0x00007ffc77678000 	C:\Windows\System32\PSAPI.DLL
0x00007ffc71750000 - 0x00007ffc71759000 	C:\Windows\SYSTEM32\WSOCK32.dll
0x00007ffc783f0000 - 0x00007ffc7845b000 	C:\Windows\System32\WS2_32.dll
0x00007ffc62270000 - 0x00007ffc62297000 	C:\Windows\SYSTEM32\WINMM.dll
0x00007ffc6e860000 - 0x00007ffc6e86a000 	C:\Windows\SYSTEM32\VERSION.dll
0x00007ffc74ca0000 - 0x00007ffc74cb2000 	C:\Windows\SYSTEM32\kernel.appcore.dll
0x00007ffc71760000 - 0x00007ffc71770000 	C:\Program Files\Java\jdk1.8.0_271\jre\bin\verify.dll
0x00007ffc63600000 - 0x00007ffc6362b000 	C:\Program Files\Java\jdk1.8.0_271\jre\bin\java.dll
0x00007ffc5d530000 - 0x00007ffc5d560000 	C:\Program Files\Java\jdk1.8.0_271\jre\bin\instrument.dll
0x00007ffc700d0000 - 0x00007ffc700e8000 	C:\Program Files\Java\jdk1.8.0_271\jre\bin\zip.dll
0x00007ffc76f20000 - 0x00007ffc77665000 	C:\Windows\System32\SHELL32.dll
0x00007ffc744f0000 - 0x00007ffc74c82000 	C:\Windows\SYSTEM32\windows.storage.dll
0x00007ffc77ad0000 - 0x00007ffc77e25000 	C:\Windows\System32\combase.dll
0x00007ffc75dd0000 - 0x00007ffc75e00000 	C:\Windows\SYSTEM32\Wldp.dll
0x00007ffc78510000 - 0x00007ffc785bd000 	C:\Windows\System32\SHCORE.dll
0x00007ffc77830000 - 0x00007ffc77885000 	C:\Windows\System32\shlwapi.dll
0x00007ffc76390000 - 0x00007ffc763af000 	C:\Windows\SYSTEM32\profapi.dll
0x00007ffc636f0000 - 0x00007ffc6370a000 	C:\Program Files\JetBrains\IntelliJ IDEA Community Edition 2022.3.3\bin\breakgen64.dll
0x00007ffc5f090000 - 0x00007ffc5f0ac000 	C:\Program Files\Java\jdk1.8.0_271\jre\bin\net.dll
0x00007ffc75b30000 - 0x00007ffc75b9a000 	C:\Windows\system32\mswsock.dll
0x0000000069ac0000 - 0x0000000069ae4000 	C:\Users\tatto\AppData\Local\Temp\jansi-2.4.0-ebe01a670e61e7e6-jansi.dll
0x00007ffc74210000 - 0x00007ffc743f4000 	C:\Windows\SYSTEM32\dbghelp.dll
0x00007ffc76c00000 - 0x00007ffc76c82000 	C:\Windows\System32\bcryptPrimitives.dll

VM Arguments:
jvm_args: -Dmaven.multiModuleProjectDirectory=C:\Users\tatto\Downloads\GAES5-master -Djansi.passthrough=true -Dmaven.home=C:\Users\tatto\.m2\wrapper\dists\apache-maven-3.8.6-bin\1ks0nkde5v1pk9vtc31i9d0lcd\apache-maven-3.8.6 -Dclassworlds.conf=C:\Users\tatto\.m2\wrapper\dists\apache-maven-3.8.6-bin\1ks0nkde5v1pk9vtc31i9d0lcd\apache-maven-3.8.6\bin\m2.conf -Dmaven.ext.class.path=C:\Program Files\JetBrains\IntelliJ IDEA Community Edition 2022.3.3\plugins\maven\lib\maven-event-listener.jar -javaagent:C:\Program Files\JetBrains\IntelliJ IDEA Community Edition 2022.3.3\lib\idea_rt.jar=54613:C:\Program Files\JetBrains\IntelliJ IDEA Community Edition 2022.3.3\bin -Dfile.encoding=UTF-8 
java_command: org.codehaus.classworlds.Launcher -Didea.version=2022.3.3 package
java_class_path (initial): C:\Users\tatto\.m2\wrapper\dists\apache-maven-3.8.6-bin\1ks0nkde5v1pk9vtc31i9d0lcd\apache-maven-3.8.6\boot\plexus-classworlds-2.6.0.jar;C:\Users\tatto\.m2\wrapper\dists\apache-maven-3.8.6-bin\1ks0nkde5v1pk9vtc31i9d0lcd\apache-maven-3.8.6\boot\plexus-classworlds.license;C:\Program Files\JetBrains\IntelliJ IDEA Community Edition 2022.3.3\lib\idea_rt.jar
Launcher Type: SUN_STANDARD

Environment Variables:
PATH=C:\Program Files (x86)\Common Files\Oracle\Java\javapath;C:\Windows\system32;C:\Windows;C:\Windows\System32\Wbem;C:\Windows\System32\WindowsPowerShell\v1.0\;C:\Windows\System32\OpenSSH\;C:\Program Files\Microsoft SQL Server\150\Tools\Binn\;C:\Program Files\Microsoft SQL Server\Client SDK\ODBC\170\Tools\Binn\;C:\Program Files\dotnet\;C:\Users\tatto\AppData\Local\Microsoft\WindowsApps;C:\Users\tatto\.dotnet\tools
USERNAME=tatto
OS=Windows_NT
PROCESSOR_IDENTIFIER=Intel64 Family 6 Model 126 Stepping 5, GenuineIntel



---------------  S Y S T E M  ---------------

OS: Windows 10.0 , 64 bit Build 19041 (10.0.19041.2546)

CPU:total 4 (initial active 4) (2 cores per cpu, 2 threads per core) family 6 model 126 stepping 5, cmov, cx8, fxsr, mmx, sse, sse2, sse3, ssse3, sse4.1, sse4.2, popcnt, avx, avx2, aes, clmul, erms, 3dnowpref, lzcnt, ht, tsc, tscinvbit, bmi1, bmi2, adx

Memory: 4k page, physical 12373240k(536824k free), swap 23331472k(0k free)

vm_info: Java HotSpot(TM) 64-Bit Server VM (25.271-b09) for windows-amd64 JRE (1.8.0_271-b09), built on Sep 16 2020 19:14:59 by "" with MS VC++ 15.9 (VS2017)

time: Mon Mar 27 00:29:20 2023
timezone: Hora est. Pacífico, Sudamérica
elapsed time: 10.426595 seconds (0d 0h 0m 10s)

